Build started 11/9/2014 6:07:37 PM.
     1>Project "C:\Users\Gabriel\Documents\Babel\client\lib\portaudio\portaudio_static.vcxproj" on node 3 (Build target(s)).
     1>InitializeBuildStatus:
         Creating "portaudio_static.dir\Debug\portaudio_static.tlog\unsuccessfulbuild" because "AlwaysCreate" was specified.
       CustomBuild:
         All outputs are up-to-date.
         Building Custom Rule C:/Users/Gabriel/Downloads/portaudio/CMakeLists.txt
         CMake does not need to re-run because C:\Users\Gabriel\Documents\Babel\client\lib\portaudio\CMakeFiles\generate.stamp is up-to-date.
       ClCompile:
         All outputs are up-to-date.
         C:\Program Files (x86)\Microsoft Visual Studio 12.0\VC\bin\CL.exe /c /IC:\Users\Gabriel\Downloads\portaudio\src\os\win /I"C:\Program Files (x86)\Microsoft DirectX SDK (June 2010)\Include" /IC:\Users\Gabriel\Downloads\portaudio\include /IC:\Users\Gabriel\Downloads\portaudio\src\common /IC:\Users\Gabriel\Documents\Babel\client\lib\portaudio /Zi /nologo /W3 /WX- /Od /Ob0 /Oy- /D UNICODE /D _UNICODE /D WIN32 /D _WINDOWS /D _DEBUG /D PA_WDMKS_NO_KSGUID_LIB /D PAWIN_USE_WDMKS_DEVICE_INFO /D PAWIN_USE_DIRECTSOUNDFULLDUPLEXCREATE /D _CRT_SECURE_NO_WARNINGS /D PORTAUDIO_CMAKE_GENERATED /D "CMAKE_INTDIR=\"Debug\"" /D _MBCS /Gm- /RTC1 /MTd /GS /fp:precise /Zc:wchar_t /Zc:forScope /Fo"portaudio_static.dir\Debug\\" /Fd"portaudio_static.dir\Debug\vc120.pdb" /Gd /TC /analyze- /errorReport:prompt C:\Users\Gabriel\Downloads\portaudio\src\common\pa_allocation.c C:\Users\Gabriel\Downloads\portaudio\src\common\pa_converters.c C:\Users\Gabriel\Downloads\portaudio\src\common\pa_cpuload.c C:\Users\Gabriel\Downloads\portaudio\src\common\pa_debugprint.c C:\Users\Gabriel\Downloads\portaudio\src\common\pa_dither.c C:\Users\Gabriel\Downloads\portaudio\src\common\pa_front.c C:\Users\Gabriel\Downloads\portaudio\src\common\pa_process.c C:\Users\Gabriel\Downloads\portaudio\src\common\pa_ringbuffer.c C:\Users\Gabriel\Downloads\portaudio\src\common\pa_stream.c C:\Users\Gabriel\Downloads\portaudio\src\common\pa_trace.c C:\Users\Gabriel\Downloads\portaudio\src\hostapi\dsound\pa_win_ds.c C:\Users\Gabriel\Downloads\portaudio\src\hostapi\dsound\pa_win_ds_dynlink.c C:\Users\Gabriel\Downloads\portaudio\src\hostapi\wmme\pa_win_wmme.c C:\Users\Gabriel\Downloads\portaudio\src\hostapi\wasapi\pa_win_wasapi.c C:\Users\Gabriel\Downloads\portaudio\src\hostapi\wdmks\pa_win_wdmks.c C:\Users\Gabriel\Downloads\portaudio\src\hostapi\skeleton\pa_hostapi_skeleton.c C:\Users\Gabriel\Downloads\portaudio\src\os\win\pa_win_hostapis.c C:\Users\Gabriel\Downloads\portaudio\src\os\win\pa_win_util.c C:\Users\Gabriel\Downloads\portaudio\src\os\win\pa_win_waveformat.c C:\Users\Gabriel\Downloads\portaudio\src\os\win\pa_win_wdmks_utils.c C:\Users\Gabriel\Downloads\portaudio\src\os\win\pa_win_coinitialize.c C:\Users\Gabriel\Downloads\portaudio\src\os\win\pa_x86_plain_converters.c
         pa_allocation.c
         pa_converters.c
         pa_cpuload.c
         pa_debugprint.c
         pa_dither.c
         pa_front.c
         pa_process.c
         pa_ringbuffer.c
         pa_stream.c
         pa_trace.c
         pa_win_ds.c
     1>C:\Users\Gabriel\Downloads\portaudio\src\hostapi\dsound\pa_win_ds.c(327): warning C4996: 'GetVersionExW': was declared deprecated
                 C:\Program Files (x86)\Windows Kits\8.1\Include\um\sysinfoapi.h(442) : see declaration of 'GetVersionExW'
         pa_win_ds_dynlink.c
         pa_win_wmme.c
     1>C:\Users\Gabriel\Downloads\portaudio\src\hostapi\wmme\pa_win_wmme.c(906): warning C4996: 'GetVersionExW': was declared deprecated
                 C:\Program Files (x86)\Windows Kits\8.1\Include\um\sysinfoapi.h(442) : see declaration of 'GetVersionExW'
         pa_win_wasapi.c
         pa_win_wdmks.c
     1>C:\Users\Gabriel\Downloads\portaudio\src\hostapi\wdmks\pa_win_wdmks.c(638): warning C4996: 'GetVersionExW': was declared deprecated
                 C:\Program Files (x86)\Windows Kits\8.1\Include\um\sysinfoapi.h(442) : see declaration of 'GetVersionExW'
         pa_hostapi_skeleton.c
         pa_win_hostapis.c
         pa_win_util.c
         pa_win_waveformat.c
         pa_win_wdmks_utils.c
         Generating Code...
         Compiling...
         pa_win_coinitialize.c
         pa_x86_plain_converters.c
         Generating Code...
       Lib:
         C:\Program Files (x86)\Microsoft Visual Studio 12.0\VC\bin\Lib.exe /OUT:"C:\Users\Gabriel\Documents\Babel\client\lib\portaudio\Debug\portaudio_static_x86.lib" /NOLOGO portaudio_static.dir\Debug\pa_allocation.obj
         portaudio_static.dir\Debug\pa_converters.obj
         portaudio_static.dir\Debug\pa_cpuload.obj
         portaudio_static.dir\Debug\pa_debugprint.obj
         portaudio_static.dir\Debug\pa_dither.obj
         portaudio_static.dir\Debug\pa_front.obj
         portaudio_static.dir\Debug\pa_process.obj
         portaudio_static.dir\Debug\pa_ringbuffer.obj
         portaudio_static.dir\Debug\pa_stream.obj
         portaudio_static.dir\Debug\pa_trace.obj
         portaudio_static.dir\Debug\pa_win_ds.obj
         portaudio_static.dir\Debug\pa_win_ds_dynlink.obj
         portaudio_static.dir\Debug\pa_win_wmme.obj
         portaudio_static.dir\Debug\pa_win_wasapi.obj
         portaudio_static.dir\Debug\pa_win_wdmks.obj
         portaudio_static.dir\Debug\pa_hostapi_skeleton.obj
         portaudio_static.dir\Debug\pa_win_hostapis.obj
         portaudio_static.dir\Debug\pa_win_util.obj
         portaudio_static.dir\Debug\pa_win_waveformat.obj
         portaudio_static.dir\Debug\pa_win_wdmks_utils.obj
         portaudio_static.dir\Debug\pa_win_coinitialize.obj
         portaudio_static.dir\Debug\pa_x86_plain_converters.obj
         portaudio_static.vcxproj -> C:\Users\Gabriel\Documents\Babel\client\lib\portaudio\Debug\portaudio_static_x86.lib
       FinalizeBuildStatus:
         Deleting file "portaudio_static.dir\Debug\portaudio_static.tlog\unsuccessfulbuild".
         Touching "portaudio_static.dir\Debug\portaudio_static.tlog\portaudio_static.lastbuildstate".
     1>Done Building Project "C:\Users\Gabriel\Documents\Babel\client\lib\portaudio\portaudio_static.vcxproj" (Build target(s)).

Build succeeded.

Time Elapsed 00:00:13.84
