Build started 11/9/2014 6:07:36 PM.
     1>Project "C:\Users\Gabriel\Documents\Babel\client\lib\portaudio\portaudio.vcxproj" on node 2 (Build target(s)).
     1>InitializeBuildStatus:
         Creating "portaudio.dir\Debug\portaudio.tlog\unsuccessfulbuild" because "AlwaysCreate" was specified.
       CustomBuild:
         All outputs are up-to-date.
         Building Custom Rule C:/Users/Gabriel/Downloads/portaudio/CMakeLists.txt
         CMake does not need to re-run because C:\Users\Gabriel\Documents\Babel\client\lib\portaudio\CMakeFiles\generate.stamp is up-to-date.
       ClCompile:
         All outputs are up-to-date.
         C:\Program Files (x86)\Microsoft Visual Studio 12.0\VC\bin\CL.exe /c /IC:\Users\Gabriel\Downloads\portaudio\src\os\win /I"C:\Program Files (x86)\Microsoft DirectX SDK (June 2010)\Include" /IC:\Users\Gabriel\Downloads\portaudio\include /IC:\Users\Gabriel\Downloads\portaudio\src\common /IC:\Users\Gabriel\Documents\Babel\client\lib\portaudio /Zi /nologo /W3 /WX- /Od /Ob0 /Oy- /D UNICODE /D _UNICODE /D WIN32 /D _WINDOWS /D _DEBUG /D PA_WDMKS_NO_KSGUID_LIB /D PAWIN_USE_WDMKS_DEVICE_INFO /D PAWIN_USE_DIRECTSOUNDFULLDUPLEXCREATE /D _CRT_SECURE_NO_WARNINGS /D PORTAUDIO_CMAKE_GENERATED /D "CMAKE_INTDIR=\"Debug\"" /D portaudio_EXPORTS /D _WINDLL /D _MBCS /Gm- /RTC1 /MTd /GS /fp:precise /Zc:wchar_t /Zc:forScope /Fo"portaudio.dir\Debug\\" /Fd"portaudio.dir\Debug\vc120.pdb" /Gd /TC /analyze- /errorReport:prompt C:\Users\Gabriel\Downloads\portaudio\src\common\pa_allocation.c C:\Users\Gabriel\Downloads\portaudio\src\common\pa_converters.c C:\Users\Gabriel\Downloads\portaudio\src\common\pa_cpuload.c C:\Users\Gabriel\Downloads\portaudio\src\common\pa_debugprint.c C:\Users\Gabriel\Downloads\portaudio\src\common\pa_dither.c C:\Users\Gabriel\Downloads\portaudio\src\common\pa_front.c C:\Users\Gabriel\Downloads\portaudio\src\common\pa_process.c C:\Users\Gabriel\Downloads\portaudio\src\common\pa_ringbuffer.c C:\Users\Gabriel\Downloads\portaudio\src\common\pa_stream.c C:\Users\Gabriel\Downloads\portaudio\src\common\pa_trace.c C:\Users\Gabriel\Downloads\portaudio\src\hostapi\dsound\pa_win_ds.c C:\Users\Gabriel\Downloads\portaudio\src\hostapi\dsound\pa_win_ds_dynlink.c C:\Users\Gabriel\Downloads\portaudio\src\hostapi\wmme\pa_win_wmme.c C:\Users\Gabriel\Downloads\portaudio\src\hostapi\wasapi\pa_win_wasapi.c C:\Users\Gabriel\Downloads\portaudio\src\hostapi\wdmks\pa_win_wdmks.c C:\Users\Gabriel\Downloads\portaudio\src\hostapi\skeleton\pa_hostapi_skeleton.c C:\Users\Gabriel\Downloads\portaudio\src\os\win\pa_win_hostapis.c C:\Users\Gabriel\Downloads\portaudio\src\os\win\pa_win_util.c C:\Users\Gabriel\Downloads\portaudio\src\os\win\pa_win_waveformat.c C:\Users\Gabriel\Downloads\portaudio\src\os\win\pa_win_wdmks_utils.c C:\Users\Gabriel\Downloads\portaudio\src\os\win\pa_win_coinitialize.c C:\Users\Gabriel\Downloads\portaudio\src\os\win\pa_x86_plain_converters.c
         pa_allocation.c
         pa_converters.c
         pa_cpuload.c
         pa_debugprint.c
         pa_dither.c
         pa_front.c
         pa_process.c
         pa_ringbuffer.c
         pa_stream.c
         pa_trace.c
         pa_win_ds.c
     1>C:\Users\Gabriel\Downloads\portaudio\src\hostapi\dsound\pa_win_ds.c(327): warning C4996: 'GetVersionExW': was declared deprecated
                 C:\Program Files (x86)\Windows Kits\8.1\Include\um\sysinfoapi.h(442) : see declaration of 'GetVersionExW'
         pa_win_ds_dynlink.c
         pa_win_wmme.c
     1>C:\Users\Gabriel\Downloads\portaudio\src\hostapi\wmme\pa_win_wmme.c(906): warning C4996: 'GetVersionExW': was declared deprecated
                 C:\Program Files (x86)\Windows Kits\8.1\Include\um\sysinfoapi.h(442) : see declaration of 'GetVersionExW'
         pa_win_wasapi.c
         pa_win_wdmks.c
     1>C:\Users\Gabriel\Downloads\portaudio\src\hostapi\wdmks\pa_win_wdmks.c(638): warning C4996: 'GetVersionExW': was declared deprecated
                 C:\Program Files (x86)\Windows Kits\8.1\Include\um\sysinfoapi.h(442) : see declaration of 'GetVersionExW'
         pa_hostapi_skeleton.c
         pa_win_hostapis.c
         pa_win_util.c
         pa_win_waveformat.c
         pa_win_wdmks_utils.c
         Generating Code...
         Compiling...
         pa_win_coinitialize.c
         pa_x86_plain_converters.c
         Generating Code...
       Link:
         C:\Program Files (x86)\Microsoft Visual Studio 12.0\VC\bin\link.exe /ERRORREPORT:PROMPT /OUT:"C:\Users\Gabriel\Documents\Babel\client\lib\portaudio\Debug\portaudio_x86.dll" /INCREMENTAL /NOLOGO kernel32.lib user32.lib gdi32.lib winspool.lib shell32.lib ole32.lib oleaut32.lib uuid.lib comdlg32.lib advapi32.lib "C:\Program Files (x86)\Microsoft DirectX SDK (June 2010)\Lib\x86\dsound.lib" setupapi.lib /DEF:"C:/Users/Gabriel/Documents/Babel/client/lib/portaudio/portaudio_cmake.def" /MANIFEST /MANIFESTUAC:"level='asInvoker' uiAccess='false'" /manifest:embed /DEBUG /PDB:"C:/Users/Gabriel/Documents/Babel/client/lib/portaudio/Debug/portaudio_x86.pdb" /SUBSYSTEM:CONSOLE /TLBID:1 /DYNAMICBASE /NXCOMPAT /IMPLIB:"C:/Users/Gabriel/Documents/Babel/client/lib/portaudio/Debug/portaudio_x86.lib" /MACHINE:X86 /SAFESEH  /machine:X86 /debug /DLL portaudio.dir\Debug\pa_allocation.obj
         portaudio.dir\Debug\pa_converters.obj
         portaudio.dir\Debug\pa_cpuload.obj
         portaudio.dir\Debug\pa_debugprint.obj
         portaudio.dir\Debug\pa_dither.obj
         portaudio.dir\Debug\pa_front.obj
         portaudio.dir\Debug\pa_process.obj
         portaudio.dir\Debug\pa_ringbuffer.obj
         portaudio.dir\Debug\pa_stream.obj
         portaudio.dir\Debug\pa_trace.obj
         portaudio.dir\Debug\pa_win_ds.obj
         portaudio.dir\Debug\pa_win_ds_dynlink.obj
         portaudio.dir\Debug\pa_win_wmme.obj
         portaudio.dir\Debug\pa_win_wasapi.obj
         portaudio.dir\Debug\pa_win_wdmks.obj
         portaudio.dir\Debug\pa_hostapi_skeleton.obj
         portaudio.dir\Debug\pa_win_hostapis.obj
         portaudio.dir\Debug\pa_win_util.obj
         portaudio.dir\Debug\pa_win_waveformat.obj
         portaudio.dir\Debug\pa_win_wdmks_utils.obj
         portaudio.dir\Debug\pa_win_coinitialize.obj
         portaudio.dir\Debug\pa_x86_plain_converters.obj
            Creating library C:/Users/Gabriel/Documents/Babel/client/lib/portaudio/Debug/portaudio_x86.lib and object C:/Users/Gabriel/Documents/Babel/client/lib/portaudio/Debug/portaudio_x86.exp
         portaudio.vcxproj -> C:\Users\Gabriel\Documents\Babel\client\lib\portaudio\Debug\portaudio_x86.dll
       FinalizeBuildStatus:
         Deleting file "portaudio.dir\Debug\portaudio.tlog\unsuccessfulbuild".
         Touching "portaudio.dir\Debug\portaudio.tlog\portaudio.lastbuildstate".
     1>Done Building Project "C:\Users\Gabriel\Documents\Babel\client\lib\portaudio\portaudio.vcxproj" (Build target(s)).

Build succeeded.

Time Elapsed 00:00:18.72
